Flutter crash report.
Please report a bug at https://github.com/flutter/flutter/issues.

## command

flutter run

## exception

ProcessException: ProcessException: No such file or directory
  Command: google-chrome http://127.0.0.1:9101?uri=http%3A%2F%2F127.0.0.1%3A43639%2FXaX7WnlWO90%3D%2F

```
#0      _ProcessImpl._start (dart:io-patch/process_patch.dart:401:33)
#1      Process.start (dart:io-patch/process_patch.dart:38:20)
#2      Chrome._startProcess (package:browser_launcher/src/chrome.dart:156:26)
#3      Chrome.start (package:browser_launcher/src/chrome.dart:148:18)
#4      FlutterResidentDevtoolsHandler._launchDevToolsForDevices (package:flutter_tools/src/resident_devtools_handler.dart:131:24)
#5      FlutterResidentDevtoolsHandler.launchDevToolsInBrowser (package:flutter_tools/src/resident_devtools_handler.dart:119:7)
#6      TerminalHandler._commonTerminalInputHandler (package:flutter_tools/src/resident_runner.dart:1742:56)
#7      TerminalHandler.processTerminalInput (package:flutter_tools/src/resident_runner.dart:1760:13)
#8      _rootRunUnary (dart:async/zone.dart:1406:47)
#9      _CustomZone.runUnary (dart:async/zone.dart:1307:19)
#10     _CustomZone.runUnaryGuarded (dart:async/zone.dart:1216:7)
#11     _BufferingStreamSubscription._sendData (dart:async/stream_impl.dart:339:11)
#12     _BufferingStreamSubscription._add (dart:async/stream_impl.dart:271:7)
#13     _SyncBroadcastStreamController._sendData (dart:async/broadcast_stream_controller.dart:377:25)
#14     _BroadcastStreamController.add (dart:async/broadcast_stream_controller.dart:244:5)
#15     _AsBroadcastStreamController.add (dart:async/broadcast_stream_controller.dart:474:11)
#16     _rootRunUnary (dart:async/zone.dart:1406:47)
#17     _CustomZone.runUnary (dart:async/zone.dart:1307:19)
#18     _CustomZone.runUnaryGuarded (dart:async/zone.dart:1216:7)
#19     _BufferingStreamSubscription._sendData (dart:async/stream_impl.dart:339:11)
#20     _BufferingStreamSubscription._add (dart:async/stream_impl.dart:271:7)
#21     _SinkTransformerStreamSubscription._add (dart:async/stream_transformers.dart:63:11)
#22     _EventSinkWrapper.add (dart:async/stream_transformers.dart:13:11)
#23     _StringAdapterSink.add (dart:convert/string_conversion.dart:238:11)
#24     _StringAdapterSink.addSlice (dart:convert/string_conversion.dart:243:7)
#25     _Utf8ConversionSink.addSlice (dart:convert/string_conversion.dart:317:20)
#26     _ErrorHandlingAsciiDecoderSink.addSlice (dart:convert/ascii.dart:279:17)
#27     _ErrorHandlingAsciiDecoderSink.add (dart:convert/ascii.dart:265:5)
#28     _ConverterStreamEventSink.add (dart:convert/chunked_conversion.dart:72:18)
#29     _SinkTransformerStreamSubscription._handleData (dart:async/stream_transformers.dart:111:24)
#30     _rootRunUnary (dart:async/zone.dart:1406:47)
#31     _CustomZone.runUnary (dart:async/zone.dart:1307:19)
#32     _CustomZone.runUnaryGuarded (dart:async/zone.dart:1216:7)
#33     _BufferingStreamSubscription._sendData (dart:async/stream_impl.dart:339:11)
#34     _BufferingStreamSubscription._add (dart:async/stream_impl.dart:271:7)
#35     _SyncStreamControllerDispatch._sendData (dart:async/stream_controller.dart:774:19)
#36     _StreamController._add (dart:async/stream_controller.dart:648:7)
#37     _StreamController.add (dart:async/stream_controller.dart:596:5)
#38     _Socket._onData (dart:io-patch/socket_patch.dart:2355:41)
#39     _rootRunUnary (dart:async/zone.dart:1414:13)
#40     _CustomZone.runUnary (dart:async/zone.dart:1307:19)
#41     _CustomZone.runUnaryGuarded (dart:async/zone.dart:1216:7)
#42     _BufferingStreamSubscription._sendData (dart:async/stream_impl.dart:339:11)
#43     _BufferingStreamSubscription._add (dart:async/stream_impl.dart:271:7)
#44     _SyncStreamControllerDispatch._sendData (dart:async/stream_controller.dart:774:19)
#45     _StreamController._add (dart:async/stream_controller.dart:648:7)
#46     _StreamController.add (dart:async/stream_controller.dart:596:5)
#47     new _RawSocket.<anonymous closure> (dart:io-patch/socket_patch.dart:1877:33)
#48     _NativeSocket.issueReadEvent.issue (dart:io-patch/socket_patch.dart:1334:14)
#49     _microtaskLoop (dart:async/schedule_microtask.dart:40:21)
#50     _startMicrotaskLoop (dart:async/schedule_microtask.dart:49:5)
#51     _runPendingImmediateCallback (dart:isolate-patch/isolate_patch.dart:123:13)
#52     _RawReceivePort._handleMessage (dart:isolate-patch/isolate_patch.dart:193:5)
```

## flutter doctor

```
[32m[✓][39m Flutter (Channel stable, 3.7.12, on Ubuntu 22.04.2 LTS 5.19.0-43-generic, locale en_US.UTF-8)
    [32m•[39m Flutter version 3.7.12 on channel stable at /home/hamza/snap/flutter/common/flutter
    [32m•[39m Upstream repository https://github.com/flutter/flutter.git
    [32m•[39m Framework revision 4d9e56e694 (7 weeks ago), 2023-04-17 21:47:46 -0400
    [32m•[39m Engine revision 1a65d409c7
    [32m•[39m Dart version 2.19.6
    [32m•[39m DevTools version 2.20.1

[32m[✓][39m Android toolchain - develop for Android devices (Android SDK version 33.0.2)
    [32m•[39m Android SDK at /home/hamza/Android/Sdk
    [32m•[39m Platform android-33, build-tools 33.0.2
    [32m•[39m Java binary at: /opt/android-studio-2022.2.1/android-studio/jbr/bin/java
    [32m•[39m Java version OpenJDK Runtime Environment (build 17.0.6+0-17.0.6b802.4-9586694)
    [32m•[39m All Android licenses accepted.

[31m[✗][39m Chrome - develop for the web (Cannot find Chrome executable at google-chrome)
    [33m![39m Cannot find Chrome. Try setting CHROME_EXECUTABLE to a Chrome executable.

[32m[✓][39m Linux toolchain - develop for Linux desktop
    [32m•[39m clang version 10.0.0-4ubuntu1
    [32m•[39m cmake version 3.16.3
    [32m•[39m ninja version 1.10.0
    [32m•[39m pkg-config version 0.29.1

[32m[✓][39m Android Studio (version 2022.2)
    [32m•[39m Android Studio at /opt/android-studio-2022.2.1/android-studio
    [32m•[39m Flutter plugin version 73.0.2
    [32m•[39m Dart plugin version 222.4560
    [32m•[39m Java version OpenJDK Runtime Environment (build 17.0.6+0-17.0.6b802.4-9586694)

[32m[✓][39m Android Studio
    [32m•[39m Android Studio at /opt/android-studio
    [32m•[39m Flutter plugin can be installed from:
      🔨 https://plugins.jetbrains.com/plugin/9212-flutter
    [32m•[39m Dart plugin can be installed from:
      🔨 https://plugins.jetbrains.com/plugin/6351-dart
    [32m•[39m Java version OpenJDK Runtime Environment (build 17.0.6+0-17.0.6b802.4-9586694)

[32m[✓][39m VS Code
    [32m•[39m VS Code at /snap/code/current
    [32m•[39m Flutter extension version 3.66.0

[32m[✓][39m Connected device (2 available)
    [32m•[39m 21091116AG (mobile) • 7H7D5HNZYPX8YPFM • android-arm64 • Android 12 (API 31)
    [32m•[39m Linux (desktop)     • linux            • linux-x64     • Ubuntu 22.04.2 LTS 5.19.0-43-generic

[32m[✓][39m HTTP Host Availability
    [32m•[39m All required HTTP hosts are available

[33m![39m Doctor found issues in 1 category.
```
